<?xml version="1.0" encoding="UTF-8"?>
<testng-results skipped="0" failed="0" total="0" passed="0">
  <reporter-output>
  </reporter-output>
  <suite name="Cucumber Framework" duration-ms="14285" started-at="2021-08-24T09:48:47Z" finished-at="2021-08-24T09:49:01Z">
    <groups>
    </groups>
    <test name="Cucumber Tests" duration-ms="14285" started-at="2021-08-24T09:48:47Z" finished-at="2021-08-24T09:49:01Z">
    </test> <!-- Cucumber Tests -->
  </suite> <!-- Cucumber Framework -->
</testng-results>
